c:\users\pipo\documents\github\proyecto_2\proyecto_2\proyecto_2\x64\debug\vc142.pdb
c:\users\pipo\documents\github\proyecto_2\proyecto_2\proyecto_2\x64\debug\vc142.idb
c:\users\pipo\documents\github\proyecto_2\proyecto_2\proyecto_2\x64\debug\verticegrafico.obj
c:\users\pipo\documents\github\proyecto_2\proyecto_2\proyecto_2\x64\debug\ventana.obj
c:\users\pipo\documents\github\proyecto_2\proyecto_2\proyecto_2\x64\debug\seleccion.obj
c:\users\pipo\documents\github\proyecto_2\proyecto_2\proyecto_2\x64\debug\prim.obj
c:\users\pipo\documents\github\proyecto_2\proyecto_2\proyecto_2\x64\debug\mapa.obj
c:\users\pipo\documents\github\proyecto_2\proyecto_2\proyecto_2\x64\debug\main.obj
c:\users\pipo\documents\github\proyecto_2\proyecto_2\proyecto_2\x64\debug\linea.obj
c:\users\pipo\documents\github\proyecto_2\proyecto_2\proyecto_2\x64\debug\kruskal.obj
c:\users\pipo\documents\github\proyecto_2\proyecto_2\proyecto_2\x64\debug\aristagrafico.obj
c:\users\pipo\documents\github\proyecto_2\proyecto_2\proyecto_2\x64\debug\appcontext.obj
c:\users\pipo\documents\github\proyecto_2\proyecto_2\x64\debug\proyecto_2.ilk
c:\users\pipo\documents\github\proyecto_2\proyecto_2\x64\debug\proyecto_2.exe
c:\users\pipo\documents\github\proyecto_2\proyecto_2\x64\debug\proyecto_2.pdb
c:\users\pipo\documents\github\proyecto_2\proyecto_2\proyecto_2\x64\debug\proyecto_2.tlog\cl.command.1.tlog
c:\users\pipo\documents\github\proyecto_2\proyecto_2\proyecto_2\x64\debug\proyecto_2.tlog\cl.read.1.tlog
c:\users\pipo\documents\github\proyecto_2\proyecto_2\proyecto_2\x64\debug\proyecto_2.tlog\cl.write.1.tlog
c:\users\pipo\documents\github\proyecto_2\proyecto_2\proyecto_2\x64\debug\proyecto_2.tlog\link.command.1.tlog
c:\users\pipo\documents\github\proyecto_2\proyecto_2\proyecto_2\x64\debug\proyecto_2.tlog\link.read.1.tlog
c:\users\pipo\documents\github\proyecto_2\proyecto_2\proyecto_2\x64\debug\proyecto_2.tlog\link.write.1.tlog
