  Mapa.cpp
C:\Users\Pipo\Documents\GitHub\Proyecto_2\Proyecto_2\Proyecto_2\Mapa.cpp(251,26): warning C4244: '=': conversión de 'int' a 'float'; posible pérdida de datos
C:\Users\Pipo\Documents\GitHub\Proyecto_2\Proyecto_2\Proyecto_2\Mapa.cpp(252,26): warning C4244: '=': conversión de 'int' a 'float'; posible pérdida de datos
C:\Users\Pipo\Documents\GitHub\Proyecto_2\Proyecto_2\Proyecto_2\Mapa.cpp(283,88): warning C4244: '=': conversión de 'T' a 'float'; posible pérdida de datos
          with
          [
              T=int
          ]
C:\Users\Pipo\Documents\GitHub\Proyecto_2\Proyecto_2\Proyecto_2\Mapa.cpp(284,88): warning C4244: '=': conversión de 'T' a 'float'; posible pérdida de datos
          with
          [
              T=int
          ]
C:\Users\Pipo\Documents\GitHub\Proyecto_2\Proyecto_2\Proyecto_2\Mapa.cpp(285,88): warning C4244: '=': conversión de 'T' a 'float'; posible pérdida de datos
          with
          [
              T=int
          ]
C:\Users\Pipo\Documents\GitHub\Proyecto_2\Proyecto_2\Proyecto_2\Mapa.cpp(286,88): warning C4244: '=': conversión de 'T' a 'float'; posible pérdida de datos
          with
          [
              T=int
          ]
C:\Users\Pipo\Documents\GitHub\Proyecto_2\Proyecto_2\Proyecto_2\Mapa.cpp(295,55): warning C4244: '=': conversión de 'int' a 'float'; posible pérdida de datos
C:\Users\Pipo\Documents\GitHub\Proyecto_2\Proyecto_2\Proyecto_2\Mapa.cpp(296,55): warning C4244: '=': conversión de 'int' a 'float'; posible pérdida de datos
C:\Users\Pipo\Documents\GitHub\Proyecto_2\Proyecto_2\Proyecto_2\Mapa.cpp(297,55): warning C4244: '=': conversión de 'int' a 'float'; posible pérdida de datos
C:\Users\Pipo\Documents\GitHub\Proyecto_2\Proyecto_2\Proyecto_2\Mapa.cpp(298,55): warning C4244: '=': conversión de 'int' a 'float'; posible pérdida de datos
C:\Users\Pipo\Documents\GitHub\Proyecto_2\Proyecto_2\Proyecto_2\Mapa.cpp(299,66): warning C4244: 'argumento': conversión de 'float' a 'int'; posible pérdida de datos
C:\Users\Pipo\Documents\GitHub\Proyecto_2\Proyecto_2\Proyecto_2\Mapa.cpp(300,66): warning C4244: 'argumento': conversión de 'float' a 'int'; posible pérdida de datos
C:\Users\Pipo\Documents\GitHub\Proyecto_2\Proyecto_2\Proyecto_2\Mapa.cpp(301,66): warning C4244: 'argumento': conversión de 'float' a 'int'; posible pérdida de datos
C:\Users\Pipo\Documents\GitHub\Proyecto_2\Proyecto_2\Proyecto_2\Mapa.cpp(302,66): warning C4244: 'argumento': conversión de 'float' a 'int'; posible pérdida de datos
C:\Users\Pipo\Documents\GitHub\Proyecto_2\Proyecto_2\Proyecto_2\Mapa.cpp(313,88): warning C4244: '=': conversión de 'T' a 'float'; posible pérdida de datos
          with
          [
              T=int
          ]
C:\Users\Pipo\Documents\GitHub\Proyecto_2\Proyecto_2\Proyecto_2\Mapa.cpp(314,88): warning C4244: '=': conversión de 'T' a 'float'; posible pérdida de datos
          with
          [
              T=int
          ]
C:\Users\Pipo\Documents\GitHub\Proyecto_2\Proyecto_2\Proyecto_2\Mapa.cpp(319,55): warning C4244: '=': conversión de 'int' a 'float'; posible pérdida de datos
C:\Users\Pipo\Documents\GitHub\Proyecto_2\Proyecto_2\Proyecto_2\Mapa.cpp(320,55): warning C4244: '=': conversión de 'int' a 'float'; posible pérdida de datos
C:\Users\Pipo\Documents\GitHub\Proyecto_2\Proyecto_2\Proyecto_2\Mapa.cpp(322,66): warning C4244: 'argumento': conversión de 'float' a 'int'; posible pérdida de datos
C:\Users\Pipo\Documents\GitHub\Proyecto_2\Proyecto_2\Proyecto_2\Mapa.cpp(323,66): warning C4244: 'argumento': conversión de 'float' a 'int'; posible pérdida de datos
C:\Users\Pipo\Documents\GitHub\Proyecto_2\Proyecto_2\Proyecto_2\Mapa.cpp(346,72): warning C4244: '=': conversión de 'T' a 'float'; posible pérdida de datos
          with
          [
              T=int
          ]
C:\Users\Pipo\Documents\GitHub\Proyecto_2\Proyecto_2\Proyecto_2\Mapa.cpp(347,72): warning C4244: '=': conversión de 'T' a 'float'; posible pérdida de datos
          with
          [
              T=int
          ]
C:\Users\Pipo\Documents\GitHub\Proyecto_2\Proyecto_2\Proyecto_2\Mapa.cpp(348,42): warning C4244: 'argumento': conversión de 'float' a 'int'; posible pérdida de datos
C:\Users\Pipo\Documents\GitHub\Proyecto_2\Proyecto_2\Proyecto_2\Mapa.cpp(349,42): warning C4244: 'argumento': conversión de 'float' a 'int'; posible pérdida de datos
C:\Users\Pipo\Documents\GitHub\Proyecto_2\Proyecto_2\Proyecto_2\Mapa.cpp(351,42): warning C4244: 'argumento': conversión de 'float' a 'int'; posible pérdida de datos
C:\Users\Pipo\Documents\GitHub\Proyecto_2\Proyecto_2\Proyecto_2\Mapa.cpp(352,42): warning C4244: 'argumento': conversión de 'float' a 'int'; posible pérdida de datos
  Proyecto_2.vcxproj -> C:\Users\Pipo\Documents\GitHub\Proyecto_2\Proyecto_2\x64\Debug\Proyecto_2.exe
